<?xml version="1.0" encoding="UTF-8"?>
<!-- Generated by org.testng.reporters.JUnitReportReporter -->
<testsuite hostname="SHREE" failures="0" tests="1" name="tests.EndToEndTest" time="27.485" errors="0" timestamp="2025-01-02T15:55:05 IST" skipped="0">
  <testcase classname="tests.EndToEndTest" name="doLogin" time="27.485"/>
  <system-out/>
</testsuite> <!-- tests.EndToEndTest -->
