<?xml version="1.0" encoding="UTF-8"?>
<!-- Generated by org.testng.reporters.JUnitReportReporter -->
<testsuite hostname="SHREE" failures="0" tests="1" name="tests.HomeJobSearchTest" time="18.154" errors="0" timestamp="2024-12-18T18:59:32 IST" skipped="0">
  <testcase classname="tests.HomeJobSearchTest" name="jobSearchTest" time="18.154"/>
  <system-out/>
</testsuite> <!-- tests.HomeJobSearchTest -->
