<?xml version="1.0" encoding="UTF-8"?>
<!-- Generated by org.testng.reporters.JUnitReportReporter -->
<testsuite hostname="SHREE" failures="0" tests="1" name="tests.HomeJobSearchAndApplyTest" time="66.796" errors="0" timestamp="2025-01-02T16:12:40 IST" skipped="0">
  <testcase classname="tests.HomeJobSearchAndApplyTest" name="jobSearchTest" time="66.796"/>
  <system-out/>
</testsuite> <!-- tests.HomeJobSearchAndApplyTest -->
