<?xml version="1.0" encoding="UTF-8"?>
<!-- Generated by org.testng.reporters.JUnitReportReporter -->
<testsuite hostname="SHREE" failures="0" tests="2" name="tests.DummyTest" time="169.198" errors="0" timestamp="2024-12-23T12:38:16 IST" skipped="0">
  <testcase classname="tests.DummyTest" name="readAdminData" time="108.932"/>
  <system-out/>
  <testcase classname="tests.DummyTest" name="readData" time="60.266"/>
  <system-out/>
</testsuite> <!-- tests.DummyTest -->
