<?xml version="1.0" encoding="UTF-8"?>
<!-- Generated by org.testng.reporters.JUnitReportReporter -->
<testsuite hostname="SHREE" failures="0" tests="1" name="tests.DummyTestInternship" time="27.949" errors="0" timestamp="2025-01-02T15:31:47 IST" skipped="0">
  <testcase classname="tests.DummyTestInternship" name="readData" time="27.949"/>
  <system-out/>
</testsuite> <!-- tests.DummyTestInternship -->
