<?xml version="1.0" encoding="UTF-8"?>
<!-- Generated by org.testng.reporters.JUnitReportReporter -->
<testsuite hostname="SHREE" failures="0" tests="1" name="tests.DummyTestJopApply" time="94.699" errors="0" timestamp="2025-01-02T12:12:18 IST" skipped="0">
  <testcase classname="tests.DummyTestJopApply" name="readData" time="94.699"/>
  <system-out/>
</testsuite> <!-- tests.DummyTestJopApply -->
