<?xml version="1.0" encoding="UTF-8"?>
<!-- Generated by org.testng.reporters.JUnitReportReporter -->
<testsuite hostname="SHREE" failures="0" tests="3" name="tests.InternshipPosting" time="134.497" errors="0" timestamp="2025-01-02T16:12:40 IST" skipped="0">
  <testcase classname="tests.InternshipPosting" name="adminCreationAndAppraoveTest" time="96.167"/>
  <system-out/>
  <testcase classname="tests.InternshipPosting" name="adminInternshipPostingData" time="38.328"/>
  <system-out/>
  <testcase classname="tests.InternshipPosting" name="adminInternshipAppraovalAndPostTest" time="0.002"/>
  <system-out/>
</testsuite> <!-- tests.InternshipPosting -->
