<?xml version="1.0" encoding="UTF-8"?>
<!-- Generated by org.testng.reporters.JUnitReportReporter -->
<testsuite hostname="SHREE" failures="0" tests="1" name="tests.DummyJobPosting" time="57.558" errors="0" timestamp="2025-01-02T14:22:50 IST" skipped="0">
  <testcase classname="tests.DummyJobPosting" name="jobs" time="57.558"/>
  <system-out/>
</testsuite> <!-- tests.DummyJobPosting -->
